2020-02-16 21:44:55.100  INFO 12508 --- [main] o.s.b.w.embedded.tomcat.TomcatWebServer  : Tomcat initialized with port(s): 9898 (http)
2020-02-16 21:44:55.339  INFO 12508 --- [main] o.s.web.context.ContextLoader            : Root WebApplicationContext: initialization completed in 3522 ms
2020-02-16 21:44:57.393  INFO 12508 --- [main] pertySourcedRequestMappingHandlerMapping : Mapped URL path [/v2/api-docs] onto method [public org.springframework.http.ResponseEntity<springfox.documentation.spring.web.json.Json> springfox.documentation.swagger2.web.Swagger2Controller.getDocumentation(java.lang.String,javax.servlet.http.HttpServletRequest)]
2020-02-16 21:44:57.630  INFO 12508 --- [main] o.s.s.concurrent.ThreadPoolTaskExecutor  : Initializing ExecutorService 'applicationTaskExecutor'
2020-02-16 21:44:57.846  INFO 12508 --- [main] o.s.b.a.w.s.WelcomePageHandlerMapping    : Adding welcome page: class path resource [public/index.html]
2020-02-16 21:44:58.054  INFO 12508 --- [main] d.s.w.p.DocumentationPluginsBootstrapper : Context refreshed
2020-02-16 21:44:58.118  INFO 12508 --- [main] d.s.w.p.DocumentationPluginsBootstrapper : Found 1 custom documentation plugin(s)
2020-02-16 21:44:58.221  INFO 12508 --- [main] s.d.s.w.s.ApiListingReferenceScanner     : Scanning for api listing references
2020-02-16 21:44:58.593  INFO 12508 --- [main] .d.s.w.r.o.CachingOperationNameGenerator : Generating unique operation named: disableRouteUsingPUT_1
2020-02-16 21:44:58.596  INFO 12508 --- [main] .d.s.w.r.o.CachingOperationNameGenerator : Generating unique operation named: enableRouteUsingPUT_1
2020-02-16 21:44:58.644  INFO 12508 --- [main] .d.s.w.r.o.CachingOperationNameGenerator : Generating unique operation named: searchServiceUsingGET_1
2020-02-16 21:44:58.721  INFO 12508 --- [main] .d.s.w.r.o.CachingOperationNameGenerator : Generating unique operation named: createRuleUsingPOST_1
2020-02-16 21:44:58.723  INFO 12508 --- [main] .d.s.w.r.o.CachingOperationNameGenerator : Generating unique operation named: deleteRouteUsingDELETE_1
2020-02-16 21:44:58.726  INFO 12508 --- [main] .d.s.w.r.o.CachingOperationNameGenerator : Generating unique operation named: detailRouteUsingGET_1
2020-02-16 21:44:58.728  INFO 12508 --- [main] .d.s.w.r.o.CachingOperationNameGenerator : Generating unique operation named: disableRouteUsingPUT_2
2020-02-16 21:44:58.730  INFO 12508 --- [main] .d.s.w.r.o.CachingOperationNameGenerator : Generating unique operation named: enableRouteUsingPUT_2
2020-02-16 21:44:58.735  INFO 12508 --- [main] .d.s.w.r.o.CachingOperationNameGenerator : Generating unique operation named: searchRoutesUsingGET_1
2020-02-16 21:44:58.738  INFO 12508 --- [main] .d.s.w.r.o.CachingOperationNameGenerator : Generating unique operation named: updateRuleUsingPUT_1
2020-02-16 21:44:58.870  INFO 12508 --- [main] o.s.b.w.embedded.tomcat.TomcatWebServer  : Tomcat started on port(s): 9898 (http) with context path ''
2020-02-16 21:45:38.421  INFO 12508 --- [http-nio-9898-exec-3] o.s.web.servlet.DispatcherServlet        : Initializing Servlet 'dispatcherServlet'
2020-02-16 21:45:38.517  INFO 12508 --- [http-nio-9898-exec-3] o.s.web.servlet.DispatcherServlet        : Completed initialization in 96 ms
